<?xml version="1.0" encoding="UTF-8"?>
<!-- Generated by org.testng.reporters.JUnitReportReporter -->
<testsuite hostname="xen-875" name="com.selflearn.automation.Demoformaven" tests="1" failures="0" timestamp="20 Jul 2018 08:21:00 GMT" time="0.008" errors="0">
  <testcase name="testhello" time="0.008" classname="com.selflearn.automation.Demoformaven"/>
</testsuite> <!-- com.selflearn.automation.Demoformaven -->
