<?xml version="1.0" encoding="UTF-8"?>
<!-- Generated by org.testng.reporters.JUnitReportReporter -->
<testsuite hostname="xen-875" name="com.selflearn.automation.TNGBasicFlow" tests="2" failures="0" timestamp="20 Jul 2018 11:13:50 GMT" time="0.009" errors="0">
  <testcase name="searchText" time="0.003" classname="com.selflearn.automation.TNGBasicFlow"/>
  <testcase name="googletitleTest" time="0.006" classname="com.selflearn.automation.TNGBasicFlow"/>
</testsuite> <!-- com.selflearn.automation.TNGBasicFlow -->
