<?xml version="1.0" encoding="UTF-8"?>
<!-- Generated by org.testng.reporters.JUnitReportReporter -->
<testsuite hostname="xen-875" name="com.selflearn.automation.GoogleTest" tests="2" failures="0" timestamp="20 Jul 2018 14:48:04 GMT" time="23.965" errors="0">
  <testcase name="verifysearchButton" time="7.256" classname="com.selflearn.automation.GoogleTest"/>
  <testcase name="SearchText" time="16.709" classname="com.selflearn.automation.GoogleTest"/>
</testsuite> <!-- com.selflearn.automation.GoogleTest -->
