<?xml version="1.0" encoding="UTF-8"?>
<!-- Generated by org.testng.reporters.JUnitReportReporter -->
<testsuite hostname="xen-875" name="com.selflearn.automation.ListenerDemoExample" tests="1" failures="0" timestamp="8 Aug 2018 13:46:28 GMT" time="17.268" errors="0">
  <testcase name="GoogleTest" time="17.268" classname="com.selflearn.automation.ListenerDemoExample"/>
</testsuite> <!-- com.selflearn.automation.ListenerDemoExample -->
