<?xml version="1.0" encoding="UTF-8"?>
<!-- Generated by org.testng.reporters.JUnitReportReporter -->
<testsuite hostname="xen-875" name="com.selflearn.automation.ListenerDemoExample" tests="1" failures="0" timestamp="9 Aug 2018 10:52:42 GMT" time="10.293" errors="0">
  <testcase name="GoogleTest" time="10.293" classname="com.selflearn.automation.ListenerDemoExample"/>
</testsuite> <!-- com.selflearn.automation.ListenerDemoExample -->
