<?xml version="1.0" encoding="UTF-8"?>
<!-- Generated by org.testng.reporters.JUnitReportReporter -->
<testsuite hostname="xen-875" name="com.selflearn.automation.MultipleTestExecution" tests="3" failures="0" timestamp="9 Aug 2018 10:52:42 GMT" time="0.005" errors="0">
  <testcase name="loginApplication" time="0.002" classname="com.selflearn.automation.MultipleTestExecution"/>
  <testcase name="setUp" time="0.000" classname="com.selflearn.automation.MultipleTestExecution"/>
  <testcase name="logoutApplication" time="0.003" classname="com.selflearn.automation.MultipleTestExecution"/>
</testsuite> <!-- com.selflearn.automation.MultipleTestExecution -->
